<?xml version="1.0" encoding="UTF-8"?>
<!-- Generated by org.testng.reporters.JUnitReportReporter -->
<testsuite hostname="DESKTOP-5MVARJV" failures="0" tests="4" name="api.test.UserTests" time="11.418" errors="0" timestamp="2024-01-16T19:32:18 IST" skipped="0">
  <testcase classname="api.test.UserTests" name="testPostUser" time="6.561"/>
  <system-out/>
  <testcase classname="api.test.UserTests" name="testGetUser" time="1.199"/>
  <system-out/>
  <testcase classname="api.test.UserTests" name="testPutUser" time="2.467"/>
  <system-out/>
  <testcase classname="api.test.UserTests" name="testDeleteUser" time="1.191"/>
  <system-out/>
</testsuite> <!-- api.test.UserTests -->
