<?xml version="1.0" encoding="UTF-8"?>
<!-- Generated by org.testng.reporters.JUnitReportReporter -->
<testsuite hostname="DESKTOP-5MVARJV" failures="0" tests="4" name="api.test.UserTests2" time="17.435" errors="0" timestamp="2024-01-17T17:40:43 IST" skipped="0">
  <testcase classname="api.test.UserTests2" name="testPostUser" time="10.057"/>
  <system-out/>
  <testcase classname="api.test.UserTests2" name="testGetUserByName" time="2.106"/>
  <system-out/>
  <testcase classname="api.test.UserTests2" name="testUpdateUserByName" time="3.568"/>
  <system-out/>
  <testcase classname="api.test.UserTests2" name="testDeleteUserByName" time="1.704"/>
  <system-out/>
</testsuite> <!-- api.test.UserTests2 -->
