<?xml version="1.0" encoding="UTF-8"?>
<!-- Generated by org.testng.reporters.JUnitReportReporter -->
<testsuite hostname="DESKTOP-5MVARJV" failures="0" tests="4" name="api.test.UserTests" time="9.962" errors="0" timestamp="2024-01-17T17:36:48 IST" skipped="0">
  <testcase classname="api.test.UserTests" name="testPostUser" time="2.243"/>
  <system-out/>
  <testcase classname="api.test.UserTests" name="testGetUser" time="2.032"/>
  <system-out/>
  <testcase classname="api.test.UserTests" name="testPutUser" time="4.044"/>
  <system-out/>
  <testcase classname="api.test.UserTests" name="testDeleteUser" time="1.643"/>
  <system-out/>
</testsuite> <!-- api.test.UserTests -->
