<?xml version="1.0" encoding="UTF-8"?>
<!-- Generated by org.testng.reporters.JUnitReportReporter -->
<testsuite hostname="DESKTOP-5MVARJV" failures="0" tests="4" name="api.test.UserTests2" time="12.440" errors="0" timestamp="2024-01-17T17:53:47 IST" skipped="0">
  <testcase classname="api.test.UserTests2" name="testPostUser" time="5.557"/>
  <system-out/>
  <testcase classname="api.test.UserTests2" name="testGetUserByName" time="1.731"/>
  <system-out/>
  <testcase classname="api.test.UserTests2" name="testUpdateUserByName" time="3.504"/>
  <system-out/>
  <testcase classname="api.test.UserTests2" name="testDeleteUserByName" time="1.648"/>
  <system-out/>
</testsuite> <!-- api.test.UserTests2 -->
