<?xml version="1.0" encoding="UTF-8"?>
<!-- Generated by org.testng.reporters.JUnitReportReporter -->
<testsuite hostname="DESKTOP-5MVARJV" failures="0" tests="6" name="api.test.DDTests" time="15.531" errors="0" timestamp="2024-01-17T17:36:48 IST" skipped="0">
  <testcase classname="api.test.DDTests" name="testPostuser" time="1.665"/>
  <system-out/>
  <testcase classname="api.test.DDTests" name="testPostuser" time="6.320"/>
  <system-out/>
  <testcase classname="api.test.DDTests" name="testPostuser" time="2.066"/>
  <system-out/>
  <testcase classname="api.test.DDTests" name="testDeleteUserByName" time="2.149"/>
  <system-out/>
  <testcase classname="api.test.DDTests" name="testDeleteUserByName" time="1.688"/>
  <system-out/>
  <testcase classname="api.test.DDTests" name="testDeleteUserByName" time="1.643"/>
  <system-out/>
</testsuite> <!-- api.test.DDTests -->
